<?xml version="1.0" encoding="UTF-8"?>
<testsuite xmlns:xsi="http://www.w3.org/2001/XMLSchema-instance" xsi:noNamespaceSchemaLocation="https://maven.apache.org/surefire/maven-surefire-plugin/xsd/surefire-test-report.xsd" name="be.odisee.ddf.team5.apigateway.ApiGatewayApplicationTests" time="12.658" tests="1" errors="0" skipped="0" failures="0">
  <properties>
    <property name="java.specification.version" value="16"/>
    <property name="sun.cpu.isalist" value="amd64"/>
    <property name="sun.jnu.encoding" value="Cp1252"/>
    <property name="java.class.path" value="C:\School\2TI\DDF\Opdrachten\DDFGE\ApiGateway\target\test-classes;C:\School\2TI\DDF\Opdrachten\DDFGE\ApiGateway\target\classes;C:\Users\bramv\.m2\repository\org\springframework\boot\spring-boot-starter-actuator\2.5.0\spring-boot-starter-actuator-2.5.0.jar;C:\Users\bramv\.m2\repository\org\springframework\boot\spring-boot-starter\2.5.0\spring-boot-starter-2.5.0.jar;C:\Users\bramv\.m2\repository\org\springframework\boot\spring-boot\2.5.0\spring-boot-2.5.0.jar;C:\Users\bramv\.m2\repository\org\springframework\spring-context\5.3.7\spring-context-5.3.7.jar;C:\Users\bramv\.m2\repository\org\springframework\spring-expression\5.3.7\spring-expression-5.3.7.jar;C:\Users\bramv\.m2\repository\org\springframework\boot\spring-boot-autoconfigure\2.5.0\spring-boot-autoconfigure-2.5.0.jar;C:\Users\bramv\.m2\repository\org\springframework\boot\spring-boot-starter-logging\2.5.0\spring-boot-starter-logging-2.5.0.jar;C:\Users\bramv\.m2\repository\ch\qos\logback\logback-classic\1.2.3\logback-classic-1.2.3.jar;C:\Users\bramv\.m2\repository\ch\qos\logback\logback-core\1.2.3\logback-core-1.2.3.jar;C:\Users\bramv\.m2\repository\org\apache\logging\log4j\log4j-to-slf4j\2.14.1\log4j-to-slf4j-2.14.1.jar;C:\Users\bramv\.m2\repository\org\apache\logging\log4j\log4j-api\2.14.1\log4j-api-2.14.1.jar;C:\Users\bramv\.m2\repository\org\slf4j\jul-to-slf4j\1.7.30\jul-to-slf4j-1.7.30.jar;C:\Users\bramv\.m2\repository\jakarta\annotation\jakarta.annotation-api\1.3.5\jakarta.annotation-api-1.3.5.jar;C:\Users\bramv\.m2\repository\org\yaml\snakeyaml\1.28\snakeyaml-1.28.jar;C:\Users\bramv\.m2\repository\org\springframework\boot\spring-boot-actuator-autoconfigure\2.5.0\spring-boot-actuator-autoconfigure-2.5.0.jar;C:\Users\bramv\.m2\repository\org\springframework\boot\spring-boot-actuator\2.5.0\spring-boot-actuator-2.5.0.jar;C:\Users\bramv\.m2\repository\com\fasterxml\jackson\core\jackson-databind\2.12.3\jackson-databind-2.12.3.jar;C:\Users\bramv\.m2\repository\com\fasterxml\jackson\core\jackson-annotations\2.12.3\jackson-annotations-2.12.3.jar;C:\Users\bramv\.m2\repository\com\fasterxml\jackson\core\jackson-core\2.12.3\jackson-core-2.12.3.jar;C:\Users\bramv\.m2\repository\com\fasterxml\jackson\datatype\jackson-datatype-jsr310\2.12.3\jackson-datatype-jsr310-2.12.3.jar;C:\Users\bramv\.m2\repository\io\micrometer\micrometer-core\1.7.0\micrometer-core-1.7.0.jar;C:\Users\bramv\.m2\repository\org\hdrhistogram\HdrHistogram\2.1.12\HdrHistogram-2.1.12.jar;C:\Users\bramv\.m2\repository\org\latencyutils\LatencyUtils\2.0.3\LatencyUtils-2.0.3.jar;C:\Users\bramv\.m2\repository\org\springframework\cloud\spring-cloud-starter-circuitbreaker-resilience4j\2.0.2\spring-cloud-starter-circuitbreaker-resilience4j-2.0.2.jar;C:\Users\bramv\.m2\repository\org\springframework\cloud\spring-cloud-starter\3.0.3\spring-cloud-starter-3.0.3.jar;C:\Users\bramv\.m2\repository\org\springframework\cloud\spring-cloud-context\3.0.3\spring-cloud-context-3.0.3.jar;C:\Users\bramv\.m2\repository\org\springframework\security\spring-security-crypto\5.5.0\spring-security-crypto-5.5.0.jar;C:\Users\bramv\.m2\repository\org\springframework\cloud\spring-cloud-commons\3.0.3\spring-cloud-commons-3.0.3.jar;C:\Users\bramv\.m2\repository\org\springframework\security\spring-security-rsa\1.0.10.RELEASE\spring-security-rsa-1.0.10.RELEASE.jar;C:\Users\bramv\.m2\repository\org\bouncycastle\bcpkix-jdk15on\1.68\bcpkix-jdk15on-1.68.jar;C:\Users\bramv\.m2\repository\org\bouncycastle\bcprov-jdk15on\1.68\bcprov-jdk15on-1.68.jar;C:\Users\bramv\.m2\repository\org\springframework\cloud\spring-cloud-circuitbreaker-resilience4j\2.0.2\spring-cloud-circuitbreaker-resilience4j-2.0.2.jar;C:\Users\bramv\.m2\repository\io\github\resilience4j\resilience4j-spring-boot2\1.7.0\resilience4j-spring-boot2-1.7.0.jar;C:\Users\bramv\.m2\repository\io\github\resilience4j\resilience4j-spring\1.7.0\resilience4j-spring-1.7.0.jar;C:\Users\bramv\.m2\repository\io\github\resilience4j\resilience4j-annotations\1.7.0\resilience4j-annotations-1.7.0.jar;C:\Users\bramv\.m2\repository\io\github\resilience4j\resilience4j-consumer\1.7.0\resilience4j-consumer-1.7.0.jar;C:\Users\bramv\.m2\repository\io\github\resilience4j\resilience4j-circularbuffer\1.7.0\resilience4j-circularbuffer-1.7.0.jar;C:\Users\bramv\.m2\repository\io\github\resilience4j\resilience4j-framework-common\1.7.0\resilience4j-framework-common-1.7.0.jar;C:\Users\bramv\.m2\repository\io\github\resilience4j\resilience4j-ratelimiter\1.7.0\resilience4j-ratelimiter-1.7.0.jar;C:\Users\bramv\.m2\repository\io\github\resilience4j\resilience4j-retry\1.7.0\resilience4j-retry-1.7.0.jar;C:\Users\bramv\.m2\repository\io\github\resilience4j\resilience4j-micrometer\1.7.0\resilience4j-micrometer-1.7.0.jar;C:\Users\bramv\.m2\repository\io\github\resilience4j\resilience4j-circuitbreaker\1.7.0\resilience4j-circuitbreaker-1.7.0.jar;C:\Users\bramv\.m2\repository\io\vavr\vavr\0.10.2\vavr-0.10.2.jar;C:\Users\bramv\.m2\repository\io\vavr\vavr-match\0.10.2\vavr-match-0.10.2.jar;C:\Users\bramv\.m2\repository\org\slf4j\slf4j-api\1.7.30\slf4j-api-1.7.30.jar;C:\Users\bramv\.m2\repository\io\github\resilience4j\resilience4j-core\1.7.0\resilience4j-core-1.7.0.jar;C:\Users\bramv\.m2\repository\io\github\resilience4j\resilience4j-timelimiter\1.7.0\resilience4j-timelimiter-1.7.0.jar;C:\Users\bramv\.m2\repository\org\springframework\cloud\spring-cloud-starter-gateway\3.0.3\spring-cloud-starter-gateway-3.0.3.jar;C:\Users\bramv\.m2\repository\org\springframework\cloud\spring-cloud-gateway-server\3.0.3\spring-cloud-gateway-server-3.0.3.jar;C:\Users\bramv\.m2\repository\org\springframework\boot\spring-boot-starter-validation\2.5.0\spring-boot-starter-validation-2.5.0.jar;C:\Users\bramv\.m2\repository\org\apache\tomcat\embed\tomcat-embed-el\9.0.46\tomcat-embed-el-9.0.46.jar;C:\Users\bramv\.m2\repository\org\hibernate\validator\hibernate-validator\6.2.0.Final\hibernate-validator-6.2.0.Final.jar;C:\Users\bramv\.m2\repository\jakarta\validation\jakarta.validation-api\2.0.2\jakarta.validation-api-2.0.2.jar;C:\Users\bramv\.m2\repository\org\jboss\logging\jboss-logging\3.4.1.Final\jboss-logging-3.4.1.Final.jar;C:\Users\bramv\.m2\repository\com\fasterxml\classmate\1.5.1\classmate-1.5.1.jar;C:\Users\bramv\.m2\repository\io\projectreactor\addons\reactor-extra\3.4.3\reactor-extra-3.4.3.jar;C:\Users\bramv\.m2\repository\org\springframework\boot\spring-boot-starter-webflux\2.5.0\spring-boot-starter-webflux-2.5.0.jar;C:\Users\bramv\.m2\repository\org\springframework\boot\spring-boot-starter-json\2.5.0\spring-boot-starter-json-2.5.0.jar;C:\Users\bramv\.m2\repository\com\fasterxml\jackson\datatype\jackson-datatype-jdk8\2.12.3\jackson-datatype-jdk8-2.12.3.jar;C:\Users\bramv\.m2\repository\com\fasterxml\jackson\module\jackson-module-parameter-names\2.12.3\jackson-module-parameter-names-2.12.3.jar;C:\Users\bramv\.m2\repository\org\springframework\boot\spring-boot-starter-reactor-netty\2.5.0\spring-boot-starter-reactor-netty-2.5.0.jar;C:\Users\bramv\.m2\repository\io\projectreactor\netty\reactor-netty-http\1.0.7\reactor-netty-http-1.0.7.jar;C:\Users\bramv\.m2\repository\io\netty\netty-codec-http\4.1.65.Final\netty-codec-http-4.1.65.Final.jar;C:\Users\bramv\.m2\repository\io\netty\netty-buffer\4.1.65.Final\netty-buffer-4.1.65.Final.jar;C:\Users\bramv\.m2\repository\io\netty\netty-codec\4.1.65.Final\netty-codec-4.1.65.Final.jar;C:\Users\bramv\.m2\repository\io\netty\netty-codec-http2\4.1.65.Final\netty-codec-http2-4.1.65.Final.jar;C:\Users\bramv\.m2\repository\io\netty\netty-resolver-dns\4.1.65.Final\netty-resolver-dns-4.1.65.Final.jar;C:\Users\bramv\.m2\repository\io\netty\netty-resolver\4.1.65.Final\netty-resolver-4.1.65.Final.jar;C:\Users\bramv\.m2\repository\io\netty\netty-codec-dns\4.1.65.Final\netty-codec-dns-4.1.65.Final.jar;C:\Users\bramv\.m2\repository\io\netty\netty-resolver-dns-native-macos\4.1.65.Final\netty-resolver-dns-native-macos-4.1.65.Final-osx-x86_64.jar;C:\Users\bramv\.m2\repository\io\netty\netty-transport-native-unix-common\4.1.65.Final\netty-transport-native-unix-common-4.1.65.Final.jar;C:\Users\bramv\.m2\repository\io\netty\netty-transport-native-epoll\4.1.65.Final\netty-transport-native-epoll-4.1.65.Final-linux-x86_64.jar;C:\Users\bramv\.m2\repository\io\projectreactor\netty\reactor-netty-core\1.0.7\reactor-netty-core-1.0.7.jar;C:\Users\bramv\.m2\repository\io\netty\netty-handler-proxy\4.1.65.Final\netty-handler-proxy-4.1.65.Final.jar;C:\Users\bramv\.m2\repository\io\netty\netty-codec-socks\4.1.65.Final\netty-codec-socks-4.1.65.Final.jar;C:\Users\bramv\.m2\repository\org\springframework\spring-web\5.3.7\spring-web-5.3.7.jar;C:\Users\bramv\.m2\repository\org\springframework\spring-beans\5.3.7\spring-beans-5.3.7.jar;C:\Users\bramv\.m2\repository\org\springframework\spring-webflux\5.3.7\spring-webflux-5.3.7.jar;C:\Users\bramv\.m2\repository\io\projectreactor\reactor-core\3.4.6\reactor-core-3.4.6.jar;C:\Users\bramv\.m2\repository\org\reactivestreams\reactive-streams\1.0.0\reactive-streams-1.0.0.jar;C:\Users\bramv\.m2\repository\org\springframework\boot\spring-boot-starter-data-redis-reactive\2.5.0\spring-boot-starter-data-redis-reactive-2.5.0.jar;C:\Users\bramv\.m2\repository\org\springframework\boot\spring-boot-starter-data-redis\2.5.0\spring-boot-starter-data-redis-2.5.0.jar;C:\Users\bramv\.m2\repository\org\springframework\data\spring-data-redis\2.5.1\spring-data-redis-2.5.1.jar;C:\Users\bramv\.m2\repository\org\springframework\data\spring-data-keyvalue\2.5.1\spring-data-keyvalue-2.5.1.jar;C:\Users\bramv\.m2\repository\org\springframework\data\spring-data-commons\2.5.1\spring-data-commons-2.5.1.jar;C:\Users\bramv\.m2\repository\org\springframework\spring-tx\5.3.7\spring-tx-5.3.7.jar;C:\Users\bramv\.m2\repository\org\springframework\spring-oxm\5.3.7\spring-oxm-5.3.7.jar;C:\Users\bramv\.m2\repository\org\springframework\spring-aop\5.3.7\spring-aop-5.3.7.jar;C:\Users\bramv\.m2\repository\org\springframework\spring-context-support\5.3.7\spring-context-support-5.3.7.jar;C:\Users\bramv\.m2\repository\io\lettuce\lettuce-core\6.1.2.RELEASE\lettuce-core-6.1.2.RELEASE.jar;C:\Users\bramv\.m2\repository\io\netty\netty-common\4.1.65.Final\netty-common-4.1.65.Final.jar;C:\Users\bramv\.m2\repository\io\netty\netty-handler\4.1.65.Final\netty-handler-4.1.65.Final.jar;C:\Users\bramv\.m2\repository\io\netty\netty-transport\4.1.65.Final\netty-transport-4.1.65.Final.jar;C:\Users\bramv\.m2\repository\org\springframework\boot\spring-boot-starter-test\2.5.0\spring-boot-starter-test-2.5.0.jar;C:\Users\bramv\.m2\repository\org\springframework\boot\spring-boot-test\2.5.0\spring-boot-test-2.5.0.jar;C:\Users\bramv\.m2\repository\org\springframework\boot\spring-boot-test-autoconfigure\2.5.0\spring-boot-test-autoconfigure-2.5.0.jar;C:\Users\bramv\.m2\repository\com\jayway\jsonpath\json-path\2.5.0\json-path-2.5.0.jar;C:\Users\bramv\.m2\repository\net\minidev\json-smart\2.4.7\json-smart-2.4.7.jar;C:\Users\bramv\.m2\repository\net\minidev\accessors-smart\2.4.7\accessors-smart-2.4.7.jar;C:\Users\bramv\.m2\repository\org\ow2\asm\asm\9.1\asm-9.1.jar;C:\Users\bramv\.m2\repository\jakarta\xml\bind\jakarta.xml.bind-api\2.3.3\jakarta.xml.bind-api-2.3.3.jar;C:\Users\bramv\.m2\repository\jakarta\activation\jakarta.activation-api\1.2.2\jakarta.activation-api-1.2.2.jar;C:\Users\bramv\.m2\repository\org\assertj\assertj-core\3.19.0\assertj-core-3.19.0.jar;C:\Users\bramv\.m2\repository\org\hamcrest\hamcrest\2.2\hamcrest-2.2.jar;C:\Users\bramv\.m2\repository\org\junit\jupiter\junit-jupiter\5.7.2\junit-jupiter-5.7.2.jar;C:\Users\bramv\.m2\repository\org\junit\jupiter\junit-jupiter-api\5.7.2\junit-jupiter-api-5.7.2.jar;C:\Users\bramv\.m2\repository\org\apiguardian\apiguardian-api\1.1.0\apiguardian-api-1.1.0.jar;C:\Users\bramv\.m2\repository\org\opentest4j\opentest4j\1.2.0\opentest4j-1.2.0.jar;C:\Users\bramv\.m2\repository\org\junit\platform\junit-platform-commons\1.7.2\junit-platform-commons-1.7.2.jar;C:\Users\bramv\.m2\repository\org\junit\jupiter\junit-jupiter-params\5.7.2\junit-jupiter-params-5.7.2.jar;C:\Users\bramv\.m2\repository\org\junit\jupiter\junit-jupiter-engine\5.7.2\junit-jupiter-engine-5.7.2.jar;C:\Users\bramv\.m2\repository\org\junit\platform\junit-platform-engine\1.7.2\junit-platform-engine-1.7.2.jar;C:\Users\bramv\.m2\repository\org\mockito\mockito-core\3.9.0\mockito-core-3.9.0.jar;C:\Users\bramv\.m2\repository\net\bytebuddy\byte-buddy\1.10.22\byte-buddy-1.10.22.jar;C:\Users\bramv\.m2\repository\net\bytebuddy\byte-buddy-agent\1.10.22\byte-buddy-agent-1.10.22.jar;C:\Users\bramv\.m2\repository\org\objenesis\objenesis\3.2\objenesis-3.2.jar;C:\Users\bramv\.m2\repository\org\mockito\mockito-junit-jupiter\3.9.0\mockito-junit-jupiter-3.9.0.jar;C:\Users\bramv\.m2\repository\org\skyscreamer\jsonassert\1.5.0\jsonassert-1.5.0.jar;C:\Users\bramv\.m2\repository\com\vaadin\external\google\android-json\0.0.20131108.vaadin1\android-json-0.0.20131108.vaadin1.jar;C:\Users\bramv\.m2\repository\org\springframework\spring-core\5.3.7\spring-core-5.3.7.jar;C:\Users\bramv\.m2\repository\org\springframework\spring-jcl\5.3.7\spring-jcl-5.3.7.jar;C:\Users\bramv\.m2\repository\org\springframework\spring-test\5.3.7\spring-test-5.3.7.jar;C:\Users\bramv\.m2\repository\org\xmlunit\xmlunit-core\2.8.2\xmlunit-core-2.8.2.jar;"/>
    <property name="java.vm.vendor" value="Oracle Corporation"/>
    <property name="sun.arch.data.model" value="64"/>
    <property name="user.variant" value=""/>
    <property name="java.vendor.url" value="https://java.oracle.com/"/>
    <property name="user.timezone" value="Europe/Brussels"/>
    <property name="user.country.format" value="BE"/>
    <property name="os.name" value="Windows 10"/>
    <property name="java.vm.specification.version" value="16"/>
    <property name="sun.java.launcher" value="SUN_STANDARD"/>
    <property name="user.country" value="GB"/>
    <property name="sun.boot.library.path" value="C:\Program Files\Java\jdk-16.0.1\bin"/>
    <property name="sun.java.command" value="C:\Users\bramv\AppData\Local\Temp\surefire4961068928149043433\surefirebooter13645099628204941868.jar C:\Users\bramv\AppData\Local\Temp\surefire4961068928149043433 2021-06-09T12-55-05_722-jvmRun1 surefire3509792590674251664tmp surefire_0229602853748112222tmp"/>
    <property name="jdk.debug" value="release"/>
    <property name="surefire.test.class.path" value="C:\School\2TI\DDF\Opdrachten\DDFGE\ApiGateway\target\test-classes;C:\School\2TI\DDF\Opdrachten\DDFGE\ApiGateway\target\classes;C:\Users\bramv\.m2\repository\org\springframework\boot\spring-boot-starter-actuator\2.5.0\spring-boot-starter-actuator-2.5.0.jar;C:\Users\bramv\.m2\repository\org\springframework\boot\spring-boot-starter\2.5.0\spring-boot-starter-2.5.0.jar;C:\Users\bramv\.m2\repository\org\springframework\boot\spring-boot\2.5.0\spring-boot-2.5.0.jar;C:\Users\bramv\.m2\repository\org\springframework\spring-context\5.3.7\spring-context-5.3.7.jar;C:\Users\bramv\.m2\repository\org\springframework\spring-expression\5.3.7\spring-expression-5.3.7.jar;C:\Users\bramv\.m2\repository\org\springframework\boot\spring-boot-autoconfigure\2.5.0\spring-boot-autoconfigure-2.5.0.jar;C:\Users\bramv\.m2\repository\org\springframework\boot\spring-boot-starter-logging\2.5.0\spring-boot-starter-logging-2.5.0.jar;C:\Users\bramv\.m2\repository\ch\qos\logback\logback-classic\1.2.3\logback-classic-1.2.3.jar;C:\Users\bramv\.m2\repository\ch\qos\logback\logback-core\1.2.3\logback-core-1.2.3.jar;C:\Users\bramv\.m2\repository\org\apache\logging\log4j\log4j-to-slf4j\2.14.1\log4j-to-slf4j-2.14.1.jar;C:\Users\bramv\.m2\repository\org\apache\logging\log4j\log4j-api\2.14.1\log4j-api-2.14.1.jar;C:\Users\bramv\.m2\repository\org\slf4j\jul-to-slf4j\1.7.30\jul-to-slf4j-1.7.30.jar;C:\Users\bramv\.m2\repository\jakarta\annotation\jakarta.annotation-api\1.3.5\jakarta.annotation-api-1.3.5.jar;C:\Users\bramv\.m2\repository\org\yaml\snakeyaml\1.28\snakeyaml-1.28.jar;C:\Users\bramv\.m2\repository\org\springframework\boot\spring-boot-actuator-autoconfigure\2.5.0\spring-boot-actuator-autoconfigure-2.5.0.jar;C:\Users\bramv\.m2\repository\org\springframework\boot\spring-boot-actuator\2.5.0\spring-boot-actuator-2.5.0.jar;C:\Users\bramv\.m2\repository\com\fasterxml\jackson\core\jackson-databind\2.12.3\jackson-databind-2.12.3.jar;C:\Users\bramv\.m2\repository\com\fasterxml\jackson\core\jackson-annotations\2.12.3\jackson-annotations-2.12.3.jar;C:\Users\bramv\.m2\repository\com\fasterxml\jackson\core\jackson-core\2.12.3\jackson-core-2.12.3.jar;C:\Users\bramv\.m2\repository\com\fasterxml\jackson\datatype\jackson-datatype-jsr310\2.12.3\jackson-datatype-jsr310-2.12.3.jar;C:\Users\bramv\.m2\repository\io\micrometer\micrometer-core\1.7.0\micrometer-core-1.7.0.jar;C:\Users\bramv\.m2\repository\org\hdrhistogram\HdrHistogram\2.1.12\HdrHistogram-2.1.12.jar;C:\Users\bramv\.m2\repository\org\latencyutils\LatencyUtils\2.0.3\LatencyUtils-2.0.3.jar;C:\Users\bramv\.m2\repository\org\springframework\cloud\spring-cloud-starter-circuitbreaker-resilience4j\2.0.2\spring-cloud-starter-circuitbreaker-resilience4j-2.0.2.jar;C:\Users\bramv\.m2\repository\org\springframework\cloud\spring-cloud-starter\3.0.3\spring-cloud-starter-3.0.3.jar;C:\Users\bramv\.m2\repository\org\springframework\cloud\spring-cloud-context\3.0.3\spring-cloud-context-3.0.3.jar;C:\Users\bramv\.m2\repository\org\springframework\security\spring-security-crypto\5.5.0\spring-security-crypto-5.5.0.jar;C:\Users\bramv\.m2\repository\org\springframework\cloud\spring-cloud-commons\3.0.3\spring-cloud-commons-3.0.3.jar;C:\Users\bramv\.m2\repository\org\springframework\security\spring-security-rsa\1.0.10.RELEASE\spring-security-rsa-1.0.10.RELEASE.jar;C:\Users\bramv\.m2\repository\org\bouncycastle\bcpkix-jdk15on\1.68\bcpkix-jdk15on-1.68.jar;C:\Users\bramv\.m2\repository\org\bouncycastle\bcprov-jdk15on\1.68\bcprov-jdk15on-1.68.jar;C:\Users\bramv\.m2\repository\org\springframework\cloud\spring-cloud-circuitbreaker-resilience4j\2.0.2\spring-cloud-circuitbreaker-resilience4j-2.0.2.jar;C:\Users\bramv\.m2\repository\io\github\resilience4j\resilience4j-spring-boot2\1.7.0\resilience4j-spring-boot2-1.7.0.jar;C:\Users\bramv\.m2\repository\io\github\resilience4j\resilience4j-spring\1.7.0\resilience4j-spring-1.7.0.jar;C:\Users\bramv\.m2\repository\io\github\resilience4j\resilience4j-annotations\1.7.0\resilience4j-annotations-1.7.0.jar;C:\Users\bramv\.m2\repository\io\github\resilience4j\resilience4j-consumer\1.7.0\resilience4j-consumer-1.7.0.jar;C:\Users\bramv\.m2\repository\io\github\resilience4j\resilience4j-circularbuffer\1.7.0\resilience4j-circularbuffer-1.7.0.jar;C:\Users\bramv\.m2\repository\io\github\resilience4j\resilience4j-framework-common\1.7.0\resilience4j-framework-common-1.7.0.jar;C:\Users\bramv\.m2\repository\io\github\resilience4j\resilience4j-ratelimiter\1.7.0\resilience4j-ratelimiter-1.7.0.jar;C:\Users\bramv\.m2\repository\io\github\resilience4j\resilience4j-retry\1.7.0\resilience4j-retry-1.7.0.jar;C:\Users\bramv\.m2\repository\io\github\resilience4j\resilience4j-micrometer\1.7.0\resilience4j-micrometer-1.7.0.jar;C:\Users\bramv\.m2\repository\io\github\resilience4j\resilience4j-circuitbreaker\1.7.0\resilience4j-circuitbreaker-1.7.0.jar;C:\Users\bramv\.m2\repository\io\vavr\vavr\0.10.2\vavr-0.10.2.jar;C:\Users\bramv\.m2\repository\io\vavr\vavr-match\0.10.2\vavr-match-0.10.2.jar;C:\Users\bramv\.m2\repository\org\slf4j\slf4j-api\1.7.30\slf4j-api-1.7.30.jar;C:\Users\bramv\.m2\repository\io\github\resilience4j\resilience4j-core\1.7.0\resilience4j-core-1.7.0.jar;C:\Users\bramv\.m2\repository\io\github\resilience4j\resilience4j-timelimiter\1.7.0\resilience4j-timelimiter-1.7.0.jar;C:\Users\bramv\.m2\repository\org\springframework\cloud\spring-cloud-starter-gateway\3.0.3\spring-cloud-starter-gateway-3.0.3.jar;C:\Users\bramv\.m2\repository\org\springframework\cloud\spring-cloud-gateway-server\3.0.3\spring-cloud-gateway-server-3.0.3.jar;C:\Users\bramv\.m2\repository\org\springframework\boot\spring-boot-starter-validation\2.5.0\spring-boot-starter-validation-2.5.0.jar;C:\Users\bramv\.m2\repository\org\apache\tomcat\embed\tomcat-embed-el\9.0.46\tomcat-embed-el-9.0.46.jar;C:\Users\bramv\.m2\repository\org\hibernate\validator\hibernate-validator\6.2.0.Final\hibernate-validator-6.2.0.Final.jar;C:\Users\bramv\.m2\repository\jakarta\validation\jakarta.validation-api\2.0.2\jakarta.validation-api-2.0.2.jar;C:\Users\bramv\.m2\repository\org\jboss\logging\jboss-logging\3.4.1.Final\jboss-logging-3.4.1.Final.jar;C:\Users\bramv\.m2\repository\com\fasterxml\classmate\1.5.1\classmate-1.5.1.jar;C:\Users\bramv\.m2\repository\io\projectreactor\addons\reactor-extra\3.4.3\reactor-extra-3.4.3.jar;C:\Users\bramv\.m2\repository\org\springframework\boot\spring-boot-starter-webflux\2.5.0\spring-boot-starter-webflux-2.5.0.jar;C:\Users\bramv\.m2\repository\org\springframework\boot\spring-boot-starter-json\2.5.0\spring-boot-starter-json-2.5.0.jar;C:\Users\bramv\.m2\repository\com\fasterxml\jackson\datatype\jackson-datatype-jdk8\2.12.3\jackson-datatype-jdk8-2.12.3.jar;C:\Users\bramv\.m2\repository\com\fasterxml\jackson\module\jackson-module-parameter-names\2.12.3\jackson-module-parameter-names-2.12.3.jar;C:\Users\bramv\.m2\repository\org\springframework\boot\spring-boot-starter-reactor-netty\2.5.0\spring-boot-starter-reactor-netty-2.5.0.jar;C:\Users\bramv\.m2\repository\io\projectreactor\netty\reactor-netty-http\1.0.7\reactor-netty-http-1.0.7.jar;C:\Users\bramv\.m2\repository\io\netty\netty-codec-http\4.1.65.Final\netty-codec-http-4.1.65.Final.jar;C:\Users\bramv\.m2\repository\io\netty\netty-buffer\4.1.65.Final\netty-buffer-4.1.65.Final.jar;C:\Users\bramv\.m2\repository\io\netty\netty-codec\4.1.65.Final\netty-codec-4.1.65.Final.jar;C:\Users\bramv\.m2\repository\io\netty\netty-codec-http2\4.1.65.Final\netty-codec-http2-4.1.65.Final.jar;C:\Users\bramv\.m2\repository\io\netty\netty-resolver-dns\4.1.65.Final\netty-resolver-dns-4.1.65.Final.jar;C:\Users\bramv\.m2\repository\io\netty\netty-resolver\4.1.65.Final\netty-resolver-4.1.65.Final.jar;C:\Users\bramv\.m2\repository\io\netty\netty-codec-dns\4.1.65.Final\netty-codec-dns-4.1.65.Final.jar;C:\Users\bramv\.m2\repository\io\netty\netty-resolver-dns-native-macos\4.1.65.Final\netty-resolver-dns-native-macos-4.1.65.Final-osx-x86_64.jar;C:\Users\bramv\.m2\repository\io\netty\netty-transport-native-unix-common\4.1.65.Final\netty-transport-native-unix-common-4.1.65.Final.jar;C:\Users\bramv\.m2\repository\io\netty\netty-transport-native-epoll\4.1.65.Final\netty-transport-native-epoll-4.1.65.Final-linux-x86_64.jar;C:\Users\bramv\.m2\repository\io\projectreactor\netty\reactor-netty-core\1.0.7\reactor-netty-core-1.0.7.jar;C:\Users\bramv\.m2\repository\io\netty\netty-handler-proxy\4.1.65.Final\netty-handler-proxy-4.1.65.Final.jar;C:\Users\bramv\.m2\repository\io\netty\netty-codec-socks\4.1.65.Final\netty-codec-socks-4.1.65.Final.jar;C:\Users\bramv\.m2\repository\org\springframework\spring-web\5.3.7\spring-web-5.3.7.jar;C:\Users\bramv\.m2\repository\org\springframework\spring-beans\5.3.7\spring-beans-5.3.7.jar;C:\Users\bramv\.m2\repository\org\springframework\spring-webflux\5.3.7\spring-webflux-5.3.7.jar;C:\Users\bramv\.m2\repository\io\projectreactor\reactor-core\3.4.6\reactor-core-3.4.6.jar;C:\Users\bramv\.m2\repository\org\reactivestreams\reactive-streams\1.0.0\reactive-streams-1.0.0.jar;C:\Users\bramv\.m2\repository\org\springframework\boot\spring-boot-starter-data-redis-reactive\2.5.0\spring-boot-starter-data-redis-reactive-2.5.0.jar;C:\Users\bramv\.m2\repository\org\springframework\boot\spring-boot-starter-data-redis\2.5.0\spring-boot-starter-data-redis-2.5.0.jar;C:\Users\bramv\.m2\repository\org\springframework\data\spring-data-redis\2.5.1\spring-data-redis-2.5.1.jar;C:\Users\bramv\.m2\repository\org\springframework\data\spring-data-keyvalue\2.5.1\spring-data-keyvalue-2.5.1.jar;C:\Users\bramv\.m2\repository\org\springframework\data\spring-data-commons\2.5.1\spring-data-commons-2.5.1.jar;C:\Users\bramv\.m2\repository\org\springframework\spring-tx\5.3.7\spring-tx-5.3.7.jar;C:\Users\bramv\.m2\repository\org\springframework\spring-oxm\5.3.7\spring-oxm-5.3.7.jar;C:\Users\bramv\.m2\repository\org\springframework\spring-aop\5.3.7\spring-aop-5.3.7.jar;C:\Users\bramv\.m2\repository\org\springframework\spring-context-support\5.3.7\spring-context-support-5.3.7.jar;C:\Users\bramv\.m2\repository\io\lettuce\lettuce-core\6.1.2.RELEASE\lettuce-core-6.1.2.RELEASE.jar;C:\Users\bramv\.m2\repository\io\netty\netty-common\4.1.65.Final\netty-common-4.1.65.Final.jar;C:\Users\bramv\.m2\repository\io\netty\netty-handler\4.1.65.Final\netty-handler-4.1.65.Final.jar;C:\Users\bramv\.m2\repository\io\netty\netty-transport\4.1.65.Final\netty-transport-4.1.65.Final.jar;C:\Users\bramv\.m2\repository\org\springframework\boot\spring-boot-starter-test\2.5.0\spring-boot-starter-test-2.5.0.jar;C:\Users\bramv\.m2\repository\org\springframework\boot\spring-boot-test\2.5.0\spring-boot-test-2.5.0.jar;C:\Users\bramv\.m2\repository\org\springframework\boot\spring-boot-test-autoconfigure\2.5.0\spring-boot-test-autoconfigure-2.5.0.jar;C:\Users\bramv\.m2\repository\com\jayway\jsonpath\json-path\2.5.0\json-path-2.5.0.jar;C:\Users\bramv\.m2\repository\net\minidev\json-smart\2.4.7\json-smart-2.4.7.jar;C:\Users\bramv\.m2\repository\net\minidev\accessors-smart\2.4.7\accessors-smart-2.4.7.jar;C:\Users\bramv\.m2\repository\org\ow2\asm\asm\9.1\asm-9.1.jar;C:\Users\bramv\.m2\repository\jakarta\xml\bind\jakarta.xml.bind-api\2.3.3\jakarta.xml.bind-api-2.3.3.jar;C:\Users\bramv\.m2\repository\jakarta\activation\jakarta.activation-api\1.2.2\jakarta.activation-api-1.2.2.jar;C:\Users\bramv\.m2\repository\org\assertj\assertj-core\3.19.0\assertj-core-3.19.0.jar;C:\Users\bramv\.m2\repository\org\hamcrest\hamcrest\2.2\hamcrest-2.2.jar;C:\Users\bramv\.m2\repository\org\junit\jupiter\junit-jupiter\5.7.2\junit-jupiter-5.7.2.jar;C:\Users\bramv\.m2\repository\org\junit\jupiter\junit-jupiter-api\5.7.2\junit-jupiter-api-5.7.2.jar;C:\Users\bramv\.m2\repository\org\apiguardian\apiguardian-api\1.1.0\apiguardian-api-1.1.0.jar;C:\Users\bramv\.m2\repository\org\opentest4j\opentest4j\1.2.0\opentest4j-1.2.0.jar;C:\Users\bramv\.m2\repository\org\junit\platform\junit-platform-commons\1.7.2\junit-platform-commons-1.7.2.jar;C:\Users\bramv\.m2\repository\org\junit\jupiter\junit-jupiter-params\5.7.2\junit-jupiter-params-5.7.2.jar;C:\Users\bramv\.m2\repository\org\junit\jupiter\junit-jupiter-engine\5.7.2\junit-jupiter-engine-5.7.2.jar;C:\Users\bramv\.m2\repository\org\junit\platform\junit-platform-engine\1.7.2\junit-platform-engine-1.7.2.jar;C:\Users\bramv\.m2\repository\org\mockito\mockito-core\3.9.0\mockito-core-3.9.0.jar;C:\Users\bramv\.m2\repository\net\bytebuddy\byte-buddy\1.10.22\byte-buddy-1.10.22.jar;C:\Users\bramv\.m2\repository\net\bytebuddy\byte-buddy-agent\1.10.22\byte-buddy-agent-1.10.22.jar;C:\Users\bramv\.m2\repository\org\objenesis\objenesis\3.2\objenesis-3.2.jar;C:\Users\bramv\.m2\repository\org\mockito\mockito-junit-jupiter\3.9.0\mockito-junit-jupiter-3.9.0.jar;C:\Users\bramv\.m2\repository\org\skyscreamer\jsonassert\1.5.0\jsonassert-1.5.0.jar;C:\Users\bramv\.m2\repository\com\vaadin\external\google\android-json\0.0.20131108.vaadin1\android-json-0.0.20131108.vaadin1.jar;C:\Users\bramv\.m2\repository\org\springframework\spring-core\5.3.7\spring-core-5.3.7.jar;C:\Users\bramv\.m2\repository\org\springframework\spring-jcl\5.3.7\spring-jcl-5.3.7.jar;C:\Users\bramv\.m2\repository\org\springframework\spring-test\5.3.7\spring-test-5.3.7.jar;C:\Users\bramv\.m2\repository\org\xmlunit\xmlunit-core\2.8.2\xmlunit-core-2.8.2.jar;"/>
    <property name="sun.cpu.endian" value="little"/>
    <property name="user.home" value="C:\Users\bramv"/>
    <property name="user.language" value="en"/>
    <property name="java.specification.vendor" value="Oracle Corporation"/>
    <property name="java.version.date" value="2021-04-20"/>
    <property name="java.home" value="C:\Program Files\Java\jdk-16.0.1"/>
    <property name="file.separator" value="\"/>
    <property name="basedir" value="C:\School\2TI\DDF\Opdrachten\DDFGE\ApiGateway"/>
    <property name="java.vm.compressedOopsMode" value="32-bit"/>
    <property name="line.separator" value="&#10;"/>
    <property name="java.vm.specification.vendor" value="Oracle Corporation"/>
    <property name="java.specification.name" value="Java Platform API Specification"/>
    <property name="surefire.real.class.path" value="C:\Users\bramv\AppData\Local\Temp\surefire4961068928149043433\surefirebooter13645099628204941868.jar"/>
    <property name="user.script" value=""/>
    <property name="sun.management.compiler" value="HotSpot 64-Bit Tiered Compilers"/>
    <property name="java.runtime.version" value="16.0.1+9-24"/>
    <property name="user.name" value="bramv"/>
    <property name="path.separator" value=";"/>
    <property name="os.version" value="10.0"/>
    <property name="java.runtime.name" value="Java(TM) SE Runtime Environment"/>
    <property name="file.encoding" value="Cp1252"/>
    <property name="java.vm.name" value="Java HotSpot(TM) 64-Bit Server VM"/>
    <property name="localRepository" value="C:\Users\bramv\.m2\repository"/>
    <property name="java.vendor.url.bug" value="https://bugreport.java.com/bugreport/"/>
    <property name="java.io.tmpdir" value="C:\Users\bramv\AppData\Local\Temp\"/>
    <property name="idea.version" value="2021.1"/>
    <property name="java.version" value="16.0.1"/>
    <property name="user.dir" value="C:\School\2TI\DDF\Opdrachten\DDFGE\ApiGateway"/>
    <property name="os.arch" value="amd64"/>
    <property name="java.vm.specification.name" value="Java Virtual Machine Specification"/>
    <property name="user.language.format" value="nl"/>
    <property name="sun.os.patch.level" value=""/>
    <property name="java.library.path" value="C:\Program Files\Java\jdk-16.0.1\bin;C:\WINDOWS\Sun\Java\bin;C:\WINDOWS\system32;C:\WINDOWS;C:\Program Files\Common Files\Oracle\Java\javapath;C:\Program Files (x86)\Common Files\Oracle\Java\javapath;C:\Program Files\Java\jdk1.8.0_261\bin;C:\Python27\;C:\Python27\Scripts;C:\WINDOWS\system32;C:\WINDOWS;C:\WINDOWS\System32\Wbem;C:\WINDOWS\System32\WindowsPowerShell\v1.0\;C:\WINDOWS\System32\OpenSSH\;C:\Program Files\dotnet\;C:\Program Files\Microsoft SQL Server\130\Tools\Binn\;C:\Program Files\Microsoft SQL Server\Client SDK\ODBC\170\Tools\Binn\;C:\Program Files (x86)\Microsoft SQL Server\150\Tools\Binn\;C:\Program Files\Microsoft SQL Server\150\Tools\Binn\;C:\Program Files (x86)\Microsoft SQL Server\150\DTS\Binn\;C:\Program Files\Microsoft SQL Server\150\DTS\Binn\;C:\Program Files\nodejs\;C:\ProgramData\chocolatey\bin;C:\Program Files\PuTTY\;C:\Program Files\Microsoft SQL Server\Client SDK\ODBC\130\Tools\Binn\;C:\Program Files (x86)\Microsoft SQL Server\130\Tools\Binn\;C:\Program Files\Microsoft SQL Server\130\DTS\Binn\;C:\Program Files\Git\cmd;C:\Users\bramv\AppData\Local\Android\Sdk\platform-tools;C:\Users\bramv\AppData\Local\Android\Sdk;C:\Program Files (x86)\dotnet\;C:\Program Files\Java\jdk1.8.0_261\bin;C:\Users\bramv\AppData\Local\Microsoft\WindowsApps;C:\Users\bramv\AppData\Roaming\npm;C:\Users\bramv\AppData\Local\GitHubDesktop\bin;C:\Gradle\gradle-6.6.1\bin;C:\Users\bramv\AppData\Local\Android\Sdk\platform-tools;C:\Users\bramv\AppData\Local\Android\Sdk;;C:\Users\bramv\AppData\Local\Microsoft\WindowsApps;C:\Users\bramv\.dotnet\tools;."/>
    <property name="java.vm.info" value="mixed mode, sharing"/>
    <property name="java.vendor" value="Oracle Corporation"/>
    <property name="java.vm.version" value="16.0.1+9-24"/>
    <property name="sun.io.unicode.encoding" value="UnicodeLittle"/>
    <property name="java.class.version" value="60.0"/>
  </properties>
  <testcase name="contextLoads" classname="be.odisee.ddf.team5.apigateway.ApiGatewayApplicationTests" time="1.123"/>
</testsuite>